{"/Users/lilya/repo/src/data.js": {"path":"/Users/lilya/repo/src/data.js","statementMap":{"0":{"start":{"line":3,"column":17},"end":{"line":3,"column":69}},"1":{"start":{"line":3,"column":39},"end":{"line":3,"column":67}},"2":{"start":{"line":4,"column":2},"end":{"line":4,"column":16}}},"fnMap":{"0":{"name":"dataTotal","decl":{"start":{"line":2,"column":16},"end":{"line":2,"column":25}},"loc":{"start":{"line":2,"column":33},"end":{"line":5,"column":1}},"line":2},"1":{"name":"(anonymous_1)","decl":{"start":{"line":3,"column":28},"end":{"line":3,"column":29}},"loc":{"start":{"line":3,"column":39},"end":{"line":3,"column":67}},"line":3}},"branchMap":{"0":{"loc":{"start":{"line":3,"column":39},"end":{"line":3,"column":67}},"type":"cond-expr","locations":[{"start":{"line":3,"column":61},"end":{"line":3,"column":62}},{"start":{"line":3,"column":65},"end":{"line":3,"column":67}}],"line":3}},"s":{"0":1,"1":4,"2":1},"f":{"0":1,"1":4},"b":{"0":[2,2]},"_coverageSchema":"1a1c01bbd47fc00a2c39e90264f33305004495a9","hash":"ed2de56b6b6095fa133fda64074a6dff7911cc78"}
}
