{"/Users/lilya/repo/src/data.js": {"path":"/Users/lilya/repo/src/data.js","statementMap":{"0":{"start":{"line":2,"column":17},"end":{"line":2,"column":68}},"1":{"start":{"line":2,"column":38},"end":{"line":2,"column":66}},"2":{"start":{"line":3,"column":2},"end":{"line":3,"column":16}}},"fnMap":{"0":{"name":"dataTotal","decl":{"start":{"line":1,"column":16},"end":{"line":1,"column":25}},"loc":{"start":{"line":1,"column":32},"end":{"line":4,"column":1}},"line":1},"1":{"name":"(anonymous_1)","decl":{"start":{"line":2,"column":27},"end":{"line":2,"column":28}},"loc":{"start":{"line":2,"column":38},"end":{"line":2,"column":66}},"line":2}},"branchMap":{"0":{"loc":{"start":{"line":2,"column":38},"end":{"line":2,"column":66}},"type":"cond-expr","locations":[{"start":{"line":2,"column":60},"end":{"line":2,"column":61}},{"start":{"line":2,"column":64},"end":{"line":2,"column":66}}],"line":2}},"s":{"0":1,"1":4,"2":1},"f":{"0":1,"1":4},"b":{"0":[2,2]},"_coverageSchema":"1a1c01bbd47fc00a2c39e90264f33305004495a9","hash":"0c19bb75421f7499261619d7b462ef4ee5baca48"}
}
